[2023-06-14 15:03:06] local.ERROR: SQLSTATE[42703]: Undefined column: 7 ERROR:  column "name" of relation "users" does not exist
LINE 1: insert into "users" ("name", "email", "password", "updated_a...
                             ^ (Connection: pgsql, SQL: insert into "users" ("name", "email", "password", "updated_at", "created_at") values (Francisco Noceda, fnoceda@example.com, $2y$10$qXmhE3al9lqZAml1R2/bbOPRrb9h56oZQGQhmNmcBUDc97JOCy4Hu, 2023-06-14 15:03:06, 2023-06-14 15:03:06) returning "id") {"exception":"[object] (Illuminate\\Database\\QueryException(code: 42703): SQLSTATE[42703]: Undefined column: 7 ERROR:  column \"name\" of relation \"users\" does not exist
LINE 1: insert into \"users\" (\"name\", \"email\", \"password\", \"updated_a...
                             ^ (Connection: pgsql, SQL: insert into \"users\" (\"name\", \"email\", \"password\", \"updated_at\", \"created_at\") values (Francisco Noceda, fnoceda@example.com, $2y$10$qXmhE3al9lqZAml1R2/bbOPRrb9h56oZQGQhmNmcBUDc97JOCy4Hu, 2023-06-14 15:03:06, 2023-06-14 15:03:06) returning \"id\") at /Users/fnocedapy/Documents/proyectos/web/laravel_sanctum_api/vendor/laravel/framework/src/Illuminate/Database/Connection.php:795)
[stacktrace]
#0 /Users/fnocedapy/Documents/proyectos/web/laravel_sanctum_api/vendor/laravel/framework/src/Illuminate/Database/Connection.php(755): Illuminate\\Database\\Connection->runQueryCallback('insert into \"us...', Array, Object(Closure))
#1 /Users/fnocedapy/Documents/proyectos/web/laravel_sanctum_api/vendor/laravel/framework/src/Illuminate/Database/Connection.php(424): Illuminate\\Database\\Connection->run('insert into \"us...', Array, Object(Closure))
#2 /Users/fnocedapy/Documents/proyectos/web/laravel_sanctum_api/vendor/laravel/framework/src/Illuminate/Database/Connection.php(394): Illuminate\\Database\\Connection->select('insert into \"us...', Array, false)
#3 /Users/fnocedapy/Documents/proyectos/web/laravel_sanctum_api/vendor/laravel/framework/src/Illuminate/Database/Query/Processors/PostgresProcessor.php(24): Illuminate\\Database\\Connection->selectFromWriteConnection('insert into \"us...', Array)
#4 /Users/fnocedapy/Documents/proyectos/web/laravel_sanctum_api/vendor/laravel/framework/src/Illuminate/Database/Query/Builder.php(3371): Illuminate\\Database\\Query\\Processors\\PostgresProcessor->processInsertGetId(Object(Illuminate\\Database\\Query\\Builder), 'insert into \"us...', Array, 'id')
#5 /Users/fnocedapy/Documents/proyectos/web/laravel_sanctum_api/vendor/laravel/framework/src/Illuminate/Database/Eloquent/Builder.php(1922): Illuminate\\Database\\Query\\Builder->insertGetId(Array, 'id')
#6 /Users/fnocedapy/Documents/proyectos/web/laravel_sanctum_api/vendor/laravel/framework/src/Illuminate/Database/Eloquent/Model.php(1335): Illuminate\\Database\\Eloquent\\Builder->__call('insertGetId', Array)
#7 /Users/fnocedapy/Documents/proyectos/web/laravel_sanctum_api/vendor/laravel/framework/src/Illuminate/Database/Eloquent/Model.php(1300): Illuminate\\Database\\Eloquent\\Model->insertAndSetId(Object(Illuminate\\Database\\Eloquent\\Builder), Array)
#8 /Users/fnocedapy/Documents/proyectos/web/laravel_sanctum_api/vendor/laravel/framework/src/Illuminate/Database/Eloquent/Model.php(1139): Illuminate\\Database\\Eloquent\\Model->performInsert(Object(Illuminate\\Database\\Eloquent\\Builder))
#9 /Users/fnocedapy/Documents/proyectos/web/laravel_sanctum_api/vendor/laravel/framework/src/Illuminate/Database/Eloquent/Builder.php(1003): Illuminate\\Database\\Eloquent\\Model->save()
#10 /Users/fnocedapy/Documents/proyectos/web/laravel_sanctum_api/vendor/laravel/framework/src/Illuminate/Support/helpers.php(307): Illuminate\\Database\\Eloquent\\Builder->Illuminate\\Database\\Eloquent\\{closure}(Object(App\\Models\\User))
#11 /Users/fnocedapy/Documents/proyectos/web/laravel_sanctum_api/vendor/laravel/framework/src/Illuminate/Database/Eloquent/Builder.php(1004): tap(Object(App\\Models\\User), Object(Closure))
#12 /Users/fnocedapy/Documents/proyectos/web/laravel_sanctum_api/vendor/laravel/framework/src/Illuminate/Support/Traits/ForwardsCalls.php(23): Illuminate\\Database\\Eloquent\\Builder->create(Array)
#13 /Users/fnocedapy/Documents/proyectos/web/laravel_sanctum_api/vendor/laravel/framework/src/Illuminate/Database/Eloquent/Model.php(2335): Illuminate\\Database\\Eloquent\\Model->forwardCallTo(Object(Illuminate\\Database\\Eloquent\\Builder), 'create', Array)
#14 /Users/fnocedapy/Documents/proyectos/web/laravel_sanctum_api/vendor/laravel/framework/src/Illuminate/Database/Eloquent/Model.php(2347): Illuminate\\Database\\Eloquent\\Model->__call('create', Array)
#15 /Users/fnocedapy/Documents/proyectos/web/laravel_sanctum_api/app/Http/Controllers/AuthController.php(19): Illuminate\\Database\\Eloquent\\Model::__callStatic('create', Array)
#16 /Users/fnocedapy/Documents/proyectos/web/laravel_sanctum_api/vendor/laravel/framework/src/Illuminate/Routing/Controller.php(54): App\\Http\\Controllers\\AuthController->register(Object(Illuminate\\Http\\Request))
#17 /Users/fnocedapy/Documents/proyectos/web/laravel_sanctum_api/vendor/laravel/framework/src/Illuminate/Routing/ControllerDispatcher.php(43): Illuminate\\Routing\\Controller->callAction('register', Array)
#18 /Users/fnocedapy/Documents/proyectos/web/laravel_sanctum_api/vendor/laravel/framework/src/Illuminate/Routing/Route.php(260): Illuminate\\Routing\\ControllerDispatcher->dispatch(Object(Illuminate\\Routing\\Route), Object(App\\Http\\Controllers\\AuthController), 'register')
#19 /Users/fnocedapy/Documents/proyectos/web/laravel_sanctum_api/vendor/laravel/framework/src/Illuminate/Routing/Route.php(205): Illuminate\\Routing\\Route->runController()
#20 /Users/fnocedapy/Documents/proyectos/web/laravel_sanctum_api/vendor/laravel/framework/src/Illuminate/Routing/Router.php(799): Illuminate\\Routing\\Route->run()
#21 /Users/fnocedapy/Documents/proyectos/web/laravel_sanctum_api/vendor/laravel/framework/src/Illuminate/Pipeline/Pipeline.php(141): Illuminate\\Routing\\Router->Illuminate\\Routing\\{closure}(Object(Illuminate\\Http\\Request))
#22 /Users/fnocedapy/Documents/proyectos/web/laravel_sanctum_api/vendor/laravel/framework/src/Illuminate/Routing/Middleware/SubstituteBindings.php(50): Illuminate\\Pipeline\\Pipeline->Illuminate\\Pipeline\\{closure}(Object(Illuminate\\Http\\Request))
#23 /Users/fnocedapy/Documents/proyectos/web/laravel_sanctum_api/vendor/laravel/framework/src/Illuminate/Pipeline/Pipeline.php(180): Illuminate\\Routing\\Middleware\\SubstituteBindings->handle(Object(Illuminate\\Http\\Request), Object(Closure))
#24 /Users/fnocedapy/Documents/proyectos/web/laravel_sanctum_api/vendor/laravel/framework/src/Illuminate/Routing/Middleware/ThrottleRequests.php(159): Illuminate\\Pipeline\\Pipeline->Illuminate\\Pipeline\\{closure}(Object(Illuminate\\Http\\Request))
#25 /Users/fnocedapy/Documents/proyectos/web/laravel_sanctum_api/vendor/laravel/framework/src/Illuminate/Routing/Middleware/ThrottleRequests.php(135): Illuminate\\Routing\\Middleware\\ThrottleRequests->handleRequest(Object(Illuminate\\Http\\Request), Object(Closure), Array)
#26 /Users/fnocedapy/Documents/proyectos/web/laravel_sanctum_api/vendor/laravel/framework/src/Illuminate/Routing/Middleware/ThrottleRequests.php(87): Illuminate\\Routing\\Middleware\\ThrottleRequests->handleRequestUsingNamedLimiter(Object(Illuminate\\Http\\Request), Object(Closure), 'api', Object(Closure))
#27 /Users/fnocedapy/Documents/proyectos/web/laravel_sanctum_api/vendor/laravel/framework/src/Illuminate/Pipeline/Pipeline.php(180): Illuminate\\Routing\\Middleware\\ThrottleRequests->handle(Object(Illuminate\\Http\\Request), Object(Closure), 'api')
#28 /Users/fnocedapy/Documents/proyectos/web/laravel_sanctum_api/vendor/laravel/framework/src/Illuminate/Pipeline/Pipeline.php(116): Illuminate\\Pipeline\\Pipeline->Illuminate\\Pipeline\\{closure}(Object(Illuminate\\Http\\Request))
#29 /Users/fnocedapy/Documents/proyectos/web/laravel_sanctum_api/vendor/laravel/framework/src/Illuminate/Routing/Router.php(800): Illuminate\\Pipeline\\Pipeline->then(Object(Closure))
#30 /Users/fnocedapy/Documents/proyectos/web/laravel_sanctum_api/vendor/laravel/framework/src/Illuminate/Routing/Router.php(777): Illuminate\\Routing\\Router->runRouteWithinStack(Object(Illuminate\\Routing\\Route), Object(Illuminate\\Http\\Request))
#31 /Users/fnocedapy/Documents/proyectos/web/laravel_sanctum_api/vendor/laravel/framework/src/Illuminate/Routing/Router.php(741): Illuminate\\Routing\\Router->runRoute(Object(Illuminate\\Http\\Request), Object(Illuminate\\Routing\\Route))
#32 /Users/fnocedapy/Documents/proyectos/web/laravel_sanctum_api/vendor/laravel/framework/src/Illuminate/Routing/Router.php(730): Illuminate\\Routing\\Router->dispatchToRoute(Object(Illuminate\\Http\\Request))
#33 /Users/fnocedapy/Documents/proyectos/web/laravel_sanctum_api/vendor/laravel/framework/src/Illuminate/Foundation/Http/Kernel.php(200): Illuminate\\Routing\\Router->dispatch(Object(Illuminate\\Http\\Request))
#34 /Users/fnocedapy/Documents/proyectos/web/laravel_sanctum_api/vendor/laravel/framework/src/Illuminate/Pipeline/Pipeline.php(141): Illuminate\\Foundation\\Http\\Kernel->Illuminate\\Foundation\\Http\\{closure}(Object(Illuminate\\Http\\Request))
#35 /Users/fnocedapy/Documents/proyectos/web/laravel_sanctum_api/vendor/laravel/framework/src/Illuminate/Foundation/Http/Middleware/TransformsRequest.php(21): Illuminate\\Pipeline\\Pipeline->Illuminate\\Pipeline\\{closure}(Object(Illuminate\\Http\\Request))
#36 /Users/fnocedapy/Documents/proyectos/web/laravel_sanctum_api/vendor/laravel/framework/src/Illuminate/Foundation/Http/Middleware/ConvertEmptyStringsToNull.php(31): Illuminate\\Foundation\\Http\\Middleware\\TransformsRequest->handle(Object(Illuminate\\Http\\Request), Object(Closure))
#37 /Users/fnocedapy/Documents/proyectos/web/laravel_sanctum_api/vendor/laravel/framework/src/Illuminate/Pipeline/Pipeline.php(180): Illuminate\\Foundation\\Http\\Middleware\\ConvertEmptyStringsToNull->handle(Object(Illuminate\\Http\\Request), Object(Closure))
#38 /Users/fnocedapy/Documents/proyectos/web/laravel_sanctum_api/vendor/laravel/framework/src/Illuminate/Foundation/Http/Middleware/TransformsRequest.php(21): Illuminate\\Pipeline\\Pipeline->Illuminate\\Pipeline\\{closure}(Object(Illuminate\\Http\\Request))
#39 /Users/fnocedapy/Documents/proyectos/web/laravel_sanctum_api/vendor/laravel/framework/src/Illuminate/Foundation/Http/Middleware/TrimStrings.php(40): Illuminate\\Foundation\\Http\\Middleware\\TransformsRequest->handle(Object(Illuminate\\Http\\Request), Object(Closure))
#40 /Users/fnocedapy/Documents/proyectos/web/laravel_sanctum_api/vendor/laravel/framework/src/Illuminate/Pipeline/Pipeline.php(180): Illuminate\\Foundation\\Http\\Middleware\\TrimStrings->handle(Object(Illuminate\\Http\\Request), Object(Closure))
#41 /Users/fnocedapy/Documents/proyectos/web/laravel_sanctum_api/vendor/laravel/framework/src/Illuminate/Foundation/Http/Middleware/ValidatePostSize.php(27): Illuminate\\Pipeline\\Pipeline->Illuminate\\Pipeline\\{closure}(Object(Illuminate\\Http\\Request))
#42 /Users/fnocedapy/Documents/proyectos/web/laravel_sanctum_api/vendor/laravel/framework/src/Illuminate/Pipeline/Pipeline.php(180): Illuminate\\Foundation\\Http\\Middleware\\ValidatePostSize->handle(Object(Illuminate\\Http\\Request), Object(Closure))
#43 /Users/fnocedapy/Documents/proyectos/web/laravel_sanctum_api/vendor/laravel/framework/src/Illuminate/Foundation/Http/Middleware/PreventRequestsDuringMaintenance.php(86): Illuminate\\Pipeline\\Pipeline->Illuminate\\Pipeline\\{closure}(Object(Illuminate\\Http\\Request))
#44 /Users/fnocedapy/Documents/proyectos/web/laravel_sanctum_api/vendor/laravel/framework/src/Illuminate/Pipeline/Pipeline.php(180): Illuminate\\Foundation\\Http\\Middleware\\PreventRequestsDuringMaintenance->handle(Object(Illuminate\\Http\\Request), Object(Closure))
#45 /Users/fnocedapy/Documents/proyectos/web/laravel_sanctum_api/vendor/laravel/framework/src/Illuminate/Http/Middleware/HandleCors.php(62): Illuminate\\Pipeline\\Pipeline->Illuminate\\Pipeline\\{closure}(Object(Illuminate\\Http\\Request))
#46 /Users/fnocedapy/Documents/proyectos/web/laravel_sanctum_api/vendor/laravel/framework/src/Illuminate/Pipeline/Pipeline.php(180): Illuminate\\Http\\Middleware\\HandleCors->handle(Object(Illuminate\\Http\\Request), Object(Closure))
#47 /Users/fnocedapy/Documents/proyectos/web/laravel_sanctum_api/vendor/laravel/framework/src/Illuminate/Http/Middleware/TrustProxies.php(39): Illuminate\\Pipeline\\Pipeline->Illuminate\\Pipeline\\{closure}(Object(Illuminate\\Http\\Request))
#48 /Users/fnocedapy/Documents/proyectos/web/laravel_sanctum_api/vendor/laravel/framework/src/Illuminate/Pipeline/Pipeline.php(180): Illuminate\\Http\\Middleware\\TrustProxies->handle(Object(Illuminate\\Http\\Request), Object(Closure))
#49 /Users/fnocedapy/Documents/proyectos/web/laravel_sanctum_api/vendor/laravel/framework/src/Illuminate/Pipeline/Pipeline.php(116): Illuminate\\Pipeline\\Pipeline->Illuminate\\Pipeline\\{closure}(Object(Illuminate\\Http\\Request))
#50 /Users/fnocedapy/Documents/proyectos/web/laravel_sanctum_api/vendor/laravel/framework/src/Illuminate/Foundation/Http/Kernel.php(175): Illuminate\\Pipeline\\Pipeline->then(Object(Closure))
#51 /Users/fnocedapy/Documents/proyectos/web/laravel_sanctum_api/vendor/laravel/framework/src/Illuminate/Foundation/Http/Kernel.php(144): Illuminate\\Foundation\\Http\\Kernel->sendRequestThroughRouter(Object(Illuminate\\Http\\Request))
#52 /Users/fnocedapy/Documents/proyectos/web/laravel_sanctum_api/public/index.php(52): Illuminate\\Foundation\\Http\\Kernel->handle(Object(Illuminate\\Http\\Request))
#53 /Users/fnocedapy/Documents/proyectos/web/laravel_sanctum_api/vendor/laravel/framework/src/Illuminate/Foundation/resources/server.php(16): require_once('/Users/fnocedap...')
#54 {main}

[previous exception] [object] (PDOException(code: 42703): SQLSTATE[42703]: Undefined column: 7 ERROR:  column \"name\" of relation \"users\" does not exist
LINE 1: insert into \"users\" (\"name\", \"email\", \"password\", \"updated_a...
                             ^ at /Users/fnocedapy/Documents/proyectos/web/laravel_sanctum_api/vendor/laravel/framework/src/Illuminate/Database/Connection.php:421)
[stacktrace]
#0 /Users/fnocedapy/Documents/proyectos/web/laravel_sanctum_api/vendor/laravel/framework/src/Illuminate/Database/Connection.php(421): PDOStatement->execute()
#1 /Users/fnocedapy/Documents/proyectos/web/laravel_sanctum_api/vendor/laravel/framework/src/Illuminate/Database/Connection.php(788): Illuminate\\Database\\Connection->Illuminate\\Database\\{closure}('insert into \"us...', Array)
#2 /Users/fnocedapy/Documents/proyectos/web/laravel_sanctum_api/vendor/laravel/framework/src/Illuminate/Database/Connection.php(755): Illuminate\\Database\\Connection->runQueryCallback('insert into \"us...', Array, Object(Closure))
#3 /Users/fnocedapy/Documents/proyectos/web/laravel_sanctum_api/vendor/laravel/framework/src/Illuminate/Database/Connection.php(424): Illuminate\\Database\\Connection->run('insert into \"us...', Array, Object(Closure))
#4 /Users/fnocedapy/Documents/proyectos/web/laravel_sanctum_api/vendor/laravel/framework/src/Illuminate/Database/Connection.php(394): Illuminate\\Database\\Connection->select('insert into \"us...', Array, false)
#5 /Users/fnocedapy/Documents/proyectos/web/laravel_sanctum_api/vendor/laravel/framework/src/Illuminate/Database/Query/Processors/PostgresProcessor.php(24): Illuminate\\Database\\Connection->selectFromWriteConnection('insert into \"us...', Array)
#6 /Users/fnocedapy/Documents/proyectos/web/laravel_sanctum_api/vendor/laravel/framework/src/Illuminate/Database/Query/Builder.php(3371): Illuminate\\Database\\Query\\Processors\\PostgresProcessor->processInsertGetId(Object(Illuminate\\Database\\Query\\Builder), 'insert into \"us...', Array, 'id')
#7 /Users/fnocedapy/Documents/proyectos/web/laravel_sanctum_api/vendor/laravel/framework/src/Illuminate/Database/Eloquent/Builder.php(1922): Illuminate\\Database\\Query\\Builder->insertGetId(Array, 'id')
#8 /Users/fnocedapy/Documents/proyectos/web/laravel_sanctum_api/vendor/laravel/framework/src/Illuminate/Database/Eloquent/Model.php(1335): Illuminate\\Database\\Eloquent\\Builder->__call('insertGetId', Array)
#9 /Users/fnocedapy/Documents/proyectos/web/laravel_sanctum_api/vendor/laravel/framework/src/Illuminate/Database/Eloquent/Model.php(1300): Illuminate\\Database\\Eloquent\\Model->insertAndSetId(Object(Illuminate\\Database\\Eloquent\\Builder), Array)
#10 /Users/fnocedapy/Documents/proyectos/web/laravel_sanctum_api/vendor/laravel/framework/src/Illuminate/Database/Eloquent/Model.php(1139): Illuminate\\Database\\Eloquent\\Model->performInsert(Object(Illuminate\\Database\\Eloquent\\Builder))
#11 /Users/fnocedapy/Documents/proyectos/web/laravel_sanctum_api/vendor/laravel/framework/src/Illuminate/Database/Eloquent/Builder.php(1003): Illuminate\\Database\\Eloquent\\Model->save()
#12 /Users/fnocedapy/Documents/proyectos/web/laravel_sanctum_api/vendor/laravel/framework/src/Illuminate/Support/helpers.php(307): Illuminate\\Database\\Eloquent\\Builder->Illuminate\\Database\\Eloquent\\{closure}(Object(App\\Models\\User))
#13 /Users/fnocedapy/Documents/proyectos/web/laravel_sanctum_api/vendor/laravel/framework/src/Illuminate/Database/Eloquent/Builder.php(1004): tap(Object(App\\Models\\User), Object(Closure))
#14 /Users/fnocedapy/Documents/proyectos/web/laravel_sanctum_api/vendor/laravel/framework/src/Illuminate/Support/Traits/ForwardsCalls.php(23): Illuminate\\Database\\Eloquent\\Builder->create(Array)
#15 /Users/fnocedapy/Documents/proyectos/web/laravel_sanctum_api/vendor/laravel/framework/src/Illuminate/Database/Eloquent/Model.php(2335): Illuminate\\Database\\Eloquent\\Model->forwardCallTo(Object(Illuminate\\Database\\Eloquent\\Builder), 'create', Array)
#16 /Users/fnocedapy/Documents/proyectos/web/laravel_sanctum_api/vendor/laravel/framework/src/Illuminate/Database/Eloquent/Model.php(2347): Illuminate\\Database\\Eloquent\\Model->__call('create', Array)
#17 /Users/fnocedapy/Documents/proyectos/web/laravel_sanctum_api/app/Http/Controllers/AuthController.php(19): Illuminate\\Database\\Eloquent\\Model::__callStatic('create', Array)
#18 /Users/fnocedapy/Documents/proyectos/web/laravel_sanctum_api/vendor/laravel/framework/src/Illuminate/Routing/Controller.php(54): App\\Http\\Controllers\\AuthController->register(Object(Illuminate\\Http\\Request))
#19 /Users/fnocedapy/Documents/proyectos/web/laravel_sanctum_api/vendor/laravel/framework/src/Illuminate/Routing/ControllerDispatcher.php(43): Illuminate\\Routing\\Controller->callAction('register', Array)
#20 /Users/fnocedapy/Documents/proyectos/web/laravel_sanctum_api/vendor/laravel/framework/src/Illuminate/Routing/Route.php(260): Illuminate\\Routing\\ControllerDispatcher->dispatch(Object(Illuminate\\Routing\\Route), Object(App\\Http\\Controllers\\AuthController), 'register')
#21 /Users/fnocedapy/Documents/proyectos/web/laravel_sanctum_api/vendor/laravel/framework/src/Illuminate/Routing/Route.php(205): Illuminate\\Routing\\Route->runController()
#22 /Users/fnocedapy/Documents/proyectos/web/laravel_sanctum_api/vendor/laravel/framework/src/Illuminate/Routing/Router.php(799): Illuminate\\Routing\\Route->run()
#23 /Users/fnocedapy/Documents/proyectos/web/laravel_sanctum_api/vendor/laravel/framework/src/Illuminate/Pipeline/Pipeline.php(141): Illuminate\\Routing\\Router->Illuminate\\Routing\\{closure}(Object(Illuminate\\Http\\Request))
#24 /Users/fnocedapy/Documents/proyectos/web/laravel_sanctum_api/vendor/laravel/framework/src/Illuminate/Routing/Middleware/SubstituteBindings.php(50): Illuminate\\Pipeline\\Pipeline->Illuminate\\Pipeline\\{closure}(Object(Illuminate\\Http\\Request))
#25 /Users/fnocedapy/Documents/proyectos/web/laravel_sanctum_api/vendor/laravel/framework/src/Illuminate/Pipeline/Pipeline.php(180): Illuminate\\Routing\\Middleware\\SubstituteBindings->handle(Object(Illuminate\\Http\\Request), Object(Closure))
#26 /Users/fnocedapy/Documents/proyectos/web/laravel_sanctum_api/vendor/laravel/framework/src/Illuminate/Routing/Middleware/ThrottleRequests.php(159): Illuminate\\Pipeline\\Pipeline->Illuminate\\Pipeline\\{closure}(Object(Illuminate\\Http\\Request))
#27 /Users/fnocedapy/Documents/proyectos/web/laravel_sanctum_api/vendor/laravel/framework/src/Illuminate/Routing/Middleware/ThrottleRequests.php(135): Illuminate\\Routing\\Middleware\\ThrottleRequests->handleRequest(Object(Illuminate\\Http\\Request), Object(Closure), Array)
#28 /Users/fnocedapy/Documents/proyectos/web/laravel_sanctum_api/vendor/laravel/framework/src/Illuminate/Routing/Middleware/ThrottleRequests.php(87): Illuminate\\Routing\\Middleware\\ThrottleRequests->handleRequestUsingNamedLimiter(Object(Illuminate\\Http\\Request), Object(Closure), 'api', Object(Closure))
#29 /Users/fnocedapy/Documents/proyectos/web/laravel_sanctum_api/vendor/laravel/framework/src/Illuminate/Pipeline/Pipeline.php(180): Illuminate\\Routing\\Middleware\\ThrottleRequests->handle(Object(Illuminate\\Http\\Request), Object(Closure), 'api')
#30 /Users/fnocedapy/Documents/proyectos/web/laravel_sanctum_api/vendor/laravel/framework/src/Illuminate/Pipeline/Pipeline.php(116): Illuminate\\Pipeline\\Pipeline->Illuminate\\Pipeline\\{closure}(Object(Illuminate\\Http\\Request))
#31 /Users/fnocedapy/Documents/proyectos/web/laravel_sanctum_api/vendor/laravel/framework/src/Illuminate/Routing/Router.php(800): Illuminate\\Pipeline\\Pipeline->then(Object(Closure))
#32 /Users/fnocedapy/Documents/proyectos/web/laravel_sanctum_api/vendor/laravel/framework/src/Illuminate/Routing/Router.php(777): Illuminate\\Routing\\Router->runRouteWithinStack(Object(Illuminate\\Routing\\Route), Object(Illuminate\\Http\\Request))
#33 /Users/fnocedapy/Documents/proyectos/web/laravel_sanctum_api/vendor/laravel/framework/src/Illuminate/Routing/Router.php(741): Illuminate\\Routing\\Router->runRoute(Object(Illuminate\\Http\\Request), Object(Illuminate\\Routing\\Route))
#34 /Users/fnocedapy/Documents/proyectos/web/laravel_sanctum_api/vendor/laravel/framework/src/Illuminate/Routing/Router.php(730): Illuminate\\Routing\\Router->dispatchToRoute(Object(Illuminate\\Http\\Request))
#35 /Users/fnocedapy/Documents/proyectos/web/laravel_sanctum_api/vendor/laravel/framework/src/Illuminate/Foundation/Http/Kernel.php(200): Illuminate\\Routing\\Router->dispatch(Object(Illuminate\\Http\\Request))
#36 /Users/fnocedapy/Documents/proyectos/web/laravel_sanctum_api/vendor/laravel/framework/src/Illuminate/Pipeline/Pipeline.php(141): Illuminate\\Foundation\\Http\\Kernel->Illuminate\\Foundation\\Http\\{closure}(Object(Illuminate\\Http\\Request))
#37 /Users/fnocedapy/Documents/proyectos/web/laravel_sanctum_api/vendor/laravel/framework/src/Illuminate/Foundation/Http/Middleware/TransformsRequest.php(21): Illuminate\\Pipeline\\Pipeline->Illuminate\\Pipeline\\{closure}(Object(Illuminate\\Http\\Request))
#38 /Users/fnocedapy/Documents/proyectos/web/laravel_sanctum_api/vendor/laravel/framework/src/Illuminate/Foundation/Http/Middleware/ConvertEmptyStringsToNull.php(31): Illuminate\\Foundation\\Http\\Middleware\\TransformsRequest->handle(Object(Illuminate\\Http\\Request), Object(Closure))
#39 /Users/fnocedapy/Documents/proyectos/web/laravel_sanctum_api/vendor/laravel/framework/src/Illuminate/Pipeline/Pipeline.php(180): Illuminate\\Foundation\\Http\\Middleware\\ConvertEmptyStringsToNull->handle(Object(Illuminate\\Http\\Request), Object(Closure))
#40 /Users/fnocedapy/Documents/proyectos/web/laravel_sanctum_api/vendor/laravel/framework/src/Illuminate/Foundation/Http/Middleware/TransformsRequest.php(21): Illuminate\\Pipeline\\Pipeline->Illuminate\\Pipeline\\{closure}(Object(Illuminate\\Http\\Request))
#41 /Users/fnocedapy/Documents/proyectos/web/laravel_sanctum_api/vendor/laravel/framework/src/Illuminate/Foundation/Http/Middleware/TrimStrings.php(40): Illuminate\\Foundation\\Http\\Middleware\\TransformsRequest->handle(Object(Illuminate\\Http\\Request), Object(Closure))
#42 /Users/fnocedapy/Documents/proyectos/web/laravel_sanctum_api/vendor/laravel/framework/src/Illuminate/Pipeline/Pipeline.php(180): Illuminate\\Foundation\\Http\\Middleware\\TrimStrings->handle(Object(Illuminate\\Http\\Request), Object(Closure))
#43 /Users/fnocedapy/Documents/proyectos/web/laravel_sanctum_api/vendor/laravel/framework/src/Illuminate/Foundation/Http/Middleware/ValidatePostSize.php(27): Illuminate\\Pipeline\\Pipeline->Illuminate\\Pipeline\\{closure}(Object(Illuminate\\Http\\Request))
#44 /Users/fnocedapy/Documents/proyectos/web/laravel_sanctum_api/vendor/laravel/framework/src/Illuminate/Pipeline/Pipeline.php(180): Illuminate\\Foundation\\Http\\Middleware\\ValidatePostSize->handle(Object(Illuminate\\Http\\Request), Object(Closure))
#45 /Users/fnocedapy/Documents/proyectos/web/laravel_sanctum_api/vendor/laravel/framework/src/Illuminate/Foundation/Http/Middleware/PreventRequestsDuringMaintenance.php(86): Illuminate\\Pipeline\\Pipeline->Illuminate\\Pipeline\\{closure}(Object(Illuminate\\Http\\Request))
#46 /Users/fnocedapy/Documents/proyectos/web/laravel_sanctum_api/vendor/laravel/framework/src/Illuminate/Pipeline/Pipeline.php(180): Illuminate\\Foundation\\Http\\Middleware\\PreventRequestsDuringMaintenance->handle(Object(Illuminate\\Http\\Request), Object(Closure))
#47 /Users/fnocedapy/Documents/proyectos/web/laravel_sanctum_api/vendor/laravel/framework/src/Illuminate/Http/Middleware/HandleCors.php(62): Illuminate\\Pipeline\\Pipeline->Illuminate\\Pipeline\\{closure}(Object(Illuminate\\Http\\Request))
#48 /Users/fnocedapy/Documents/proyectos/web/laravel_sanctum_api/vendor/laravel/framework/src/Illuminate/Pipeline/Pipeline.php(180): Illuminate\\Http\\Middleware\\HandleCors->handle(Object(Illuminate\\Http\\Request), Object(Closure))
#49 /Users/fnocedapy/Documents/proyectos/web/laravel_sanctum_api/vendor/laravel/framework/src/Illuminate/Http/Middleware/TrustProxies.php(39): Illuminate\\Pipeline\\Pipeline->Illuminate\\Pipeline\\{closure}(Object(Illuminate\\Http\\Request))
#50 /Users/fnocedapy/Documents/proyectos/web/laravel_sanctum_api/vendor/laravel/framework/src/Illuminate/Pipeline/Pipeline.php(180): Illuminate\\Http\\Middleware\\TrustProxies->handle(Object(Illuminate\\Http\\Request), Object(Closure))
#51 /Users/fnocedapy/Documents/proyectos/web/laravel_sanctum_api/vendor/laravel/framework/src/Illuminate/Pipeline/Pipeline.php(116): Illuminate\\Pipeline\\Pipeline->Illuminate\\Pipeline\\{closure}(Object(Illuminate\\Http\\Request))
#52 /Users/fnocedapy/Documents/proyectos/web/laravel_sanctum_api/vendor/laravel/framework/src/Illuminate/Foundation/Http/Kernel.php(175): Illuminate\\Pipeline\\Pipeline->then(Object(Closure))
#53 /Users/fnocedapy/Documents/proyectos/web/laravel_sanctum_api/vendor/laravel/framework/src/Illuminate/Foundation/Http/Kernel.php(144): Illuminate\\Foundation\\Http\\Kernel->sendRequestThroughRouter(Object(Illuminate\\Http\\Request))
#54 /Users/fnocedapy/Documents/proyectos/web/laravel_sanctum_api/public/index.php(52): Illuminate\\Foundation\\Http\\Kernel->handle(Object(Illuminate\\Http\\Request))
#55 /Users/fnocedapy/Documents/proyectos/web/laravel_sanctum_api/vendor/laravel/framework/src/Illuminate/Foundation/resources/server.php(16): require_once('/Users/fnocedap...')
#56 {main}
"} 
[2023-06-14 15:03:44] local.ERROR: Undefined array key "name" {"exception":"[object] (ErrorException(code: 0): Undefined array key \"name\" at /Users/fnocedapy/Documents/proyectos/web/laravel_sanctum_api/app/Http/Controllers/AuthController.php:18)
[stacktrace]
#0 /Users/fnocedapy/Documents/proyectos/web/laravel_sanctum_api/vendor/laravel/framework/src/Illuminate/Foundation/Bootstrap/HandleExceptions.php(254): Illuminate\\Foundation\\Bootstrap\\HandleExceptions->handleError(2, 'Undefined array...', '/Users/fnocedap...', 18)
#1 /Users/fnocedapy/Documents/proyectos/web/laravel_sanctum_api/app/Http/Controllers/AuthController.php(18): Illuminate\\Foundation\\Bootstrap\\HandleExceptions->Illuminate\\Foundation\\Bootstrap\\{closure}(2, 'Undefined array...', '/Users/fnocedap...', 18)
#2 /Users/fnocedapy/Documents/proyectos/web/laravel_sanctum_api/vendor/laravel/framework/src/Illuminate/Routing/Controller.php(54): App\\Http\\Controllers\\AuthController->register(Object(Illuminate\\Http\\Request))
#3 /Users/fnocedapy/Documents/proyectos/web/laravel_sanctum_api/vendor/laravel/framework/src/Illuminate/Routing/ControllerDispatcher.php(43): Illuminate\\Routing\\Controller->callAction('register', Array)
#4 /Users/fnocedapy/Documents/proyectos/web/laravel_sanctum_api/vendor/laravel/framework/src/Illuminate/Routing/Route.php(260): Illuminate\\Routing\\ControllerDispatcher->dispatch(Object(Illuminate\\Routing\\Route), Object(App\\Http\\Controllers\\AuthController), 'register')
#5 /Users/fnocedapy/Documents/proyectos/web/laravel_sanctum_api/vendor/laravel/framework/src/Illuminate/Routing/Route.php(205): Illuminate\\Routing\\Route->runController()
#6 /Users/fnocedapy/Documents/proyectos/web/laravel_sanctum_api/vendor/laravel/framework/src/Illuminate/Routing/Router.php(799): Illuminate\\Routing\\Route->run()
#7 /Users/fnocedapy/Documents/proyectos/web/laravel_sanctum_api/vendor/laravel/framework/src/Illuminate/Pipeline/Pipeline.php(141): Illuminate\\Routing\\Router->Illuminate\\Routing\\{closure}(Object(Illuminate\\Http\\Request))
#8 /Users/fnocedapy/Documents/proyectos/web/laravel_sanctum_api/vendor/laravel/framework/src/Illuminate/Routing/Middleware/SubstituteBindings.php(50): Illuminate\\Pipeline\\Pipeline->Illuminate\\Pipeline\\{closure}(Object(Illuminate\\Http\\Request))
#9 /Users/fnocedapy/Documents/proyectos/web/laravel_sanctum_api/vendor/laravel/framework/src/Illuminate/Pipeline/Pipeline.php(180): Illuminate\\Routing\\Middleware\\SubstituteBindings->handle(Object(Illuminate\\Http\\Request), Object(Closure))
#10 /Users/fnocedapy/Documents/proyectos/web/laravel_sanctum_api/vendor/laravel/framework/src/Illuminate/Routing/Middleware/ThrottleRequests.php(159): Illuminate\\Pipeline\\Pipeline->Illuminate\\Pipeline\\{closure}(Object(Illuminate\\Http\\Request))
#11 /Users/fnocedapy/Documents/proyectos/web/laravel_sanctum_api/vendor/laravel/framework/src/Illuminate/Routing/Middleware/ThrottleRequests.php(135): Illuminate\\Routing\\Middleware\\ThrottleRequests->handleRequest(Object(Illuminate\\Http\\Request), Object(Closure), Array)
#12 /Users/fnocedapy/Documents/proyectos/web/laravel_sanctum_api/vendor/laravel/framework/src/Illuminate/Routing/Middleware/ThrottleRequests.php(87): Illuminate\\Routing\\Middleware\\ThrottleRequests->handleRequestUsingNamedLimiter(Object(Illuminate\\Http\\Request), Object(Closure), 'api', Object(Closure))
#13 /Users/fnocedapy/Documents/proyectos/web/laravel_sanctum_api/vendor/laravel/framework/src/Illuminate/Pipeline/Pipeline.php(180): Illuminate\\Routing\\Middleware\\ThrottleRequests->handle(Object(Illuminate\\Http\\Request), Object(Closure), 'api')
#14 /Users/fnocedapy/Documents/proyectos/web/laravel_sanctum_api/vendor/laravel/framework/src/Illuminate/Pipeline/Pipeline.php(116): Illuminate\\Pipeline\\Pipeline->Illuminate\\Pipeline\\{closure}(Object(Illuminate\\Http\\Request))
#15 /Users/fnocedapy/Documents/proyectos/web/laravel_sanctum_api/vendor/laravel/framework/src/Illuminate/Routing/Router.php(800): Illuminate\\Pipeline\\Pipeline->then(Object(Closure))
#16 /Users/fnocedapy/Documents/proyectos/web/laravel_sanctum_api/vendor/laravel/framework/src/Illuminate/Routing/Router.php(777): Illuminate\\Routing\\Router->runRouteWithinStack(Object(Illuminate\\Routing\\Route), Object(Illuminate\\Http\\Request))
#17 /Users/fnocedapy/Documents/proyectos/web/laravel_sanctum_api/vendor/laravel/framework/src/Illuminate/Routing/Router.php(741): Illuminate\\Routing\\Router->runRoute(Object(Illuminate\\Http\\Request), Object(Illuminate\\Routing\\Route))
#18 /Users/fnocedapy/Documents/proyectos/web/laravel_sanctum_api/vendor/laravel/framework/src/Illuminate/Routing/Router.php(730): Illuminate\\Routing\\Router->dispatchToRoute(Object(Illuminate\\Http\\Request))
#19 /Users/fnocedapy/Documents/proyectos/web/laravel_sanctum_api/vendor/laravel/framework/src/Illuminate/Foundation/Http/Kernel.php(200): Illuminate\\Routing\\Router->dispatch(Object(Illuminate\\Http\\Request))
#20 /Users/fnocedapy/Documents/proyectos/web/laravel_sanctum_api/vendor/laravel/framework/src/Illuminate/Pipeline/Pipeline.php(141): Illuminate\\Foundation\\Http\\Kernel->Illuminate\\Foundation\\Http\\{closure}(Object(Illuminate\\Http\\Request))
#21 /Users/fnocedapy/Documents/proyectos/web/laravel_sanctum_api/vendor/laravel/framework/src/Illuminate/Foundation/Http/Middleware/TransformsRequest.php(21): Illuminate\\Pipeline\\Pipeline->Illuminate\\Pipeline\\{closure}(Object(Illuminate\\Http\\Request))
#22 /Users/fnocedapy/Documents/proyectos/web/laravel_sanctum_api/vendor/laravel/framework/src/Illuminate/Foundation/Http/Middleware/ConvertEmptyStringsToNull.php(31): Illuminate\\Foundation\\Http\\Middleware\\TransformsRequest->handle(Object(Illuminate\\Http\\Request), Object(Closure))
#23 /Users/fnocedapy/Documents/proyectos/web/laravel_sanctum_api/vendor/laravel/framework/src/Illuminate/Pipeline/Pipeline.php(180): Illuminate\\Foundation\\Http\\Middleware\\ConvertEmptyStringsToNull->handle(Object(Illuminate\\Http\\Request), Object(Closure))
#24 /Users/fnocedapy/Documents/proyectos/web/laravel_sanctum_api/vendor/laravel/framework/src/Illuminate/Foundation/Http/Middleware/TransformsRequest.php(21): Illuminate\\Pipeline\\Pipeline->Illuminate\\Pipeline\\{closure}(Object(Illuminate\\Http\\Request))
#25 /Users/fnocedapy/Documents/proyectos/web/laravel_sanctum_api/vendor/laravel/framework/src/Illuminate/Foundation/Http/Middleware/TrimStrings.php(40): Illuminate\\Foundation\\Http\\Middleware\\TransformsRequest->handle(Object(Illuminate\\Http\\Request), Object(Closure))
#26 /Users/fnocedapy/Documents/proyectos/web/laravel_sanctum_api/vendor/laravel/framework/src/Illuminate/Pipeline/Pipeline.php(180): Illuminate\\Foundation\\Http\\Middleware\\TrimStrings->handle(Object(Illuminate\\Http\\Request), Object(Closure))
#27 /Users/fnocedapy/Documents/proyectos/web/laravel_sanctum_api/vendor/laravel/framework/src/Illuminate/Foundation/Http/Middleware/ValidatePostSize.php(27): Illuminate\\Pipeline\\Pipeline->Illuminate\\Pipeline\\{closure}(Object(Illuminate\\Http\\Request))
#28 /Users/fnocedapy/Documents/proyectos/web/laravel_sanctum_api/vendor/laravel/framework/src/Illuminate/Pipeline/Pipeline.php(180): Illuminate\\Foundation\\Http\\Middleware\\ValidatePostSize->handle(Object(Illuminate\\Http\\Request), Object(Closure))
#29 /Users/fnocedapy/Documents/proyectos/web/laravel_sanctum_api/vendor/laravel/framework/src/Illuminate/Foundation/Http/Middleware/PreventRequestsDuringMaintenance.php(86): Illuminate\\Pipeline\\Pipeline->Illuminate\\Pipeline\\{closure}(Object(Illuminate\\Http\\Request))
#30 /Users/fnocedapy/Documents/proyectos/web/laravel_sanctum_api/vendor/laravel/framework/src/Illuminate/Pipeline/Pipeline.php(180): Illuminate\\Foundation\\Http\\Middleware\\PreventRequestsDuringMaintenance->handle(Object(Illuminate\\Http\\Request), Object(Closure))
#31 /Users/fnocedapy/Documents/proyectos/web/laravel_sanctum_api/vendor/laravel/framework/src/Illuminate/Http/Middleware/HandleCors.php(62): Illuminate\\Pipeline\\Pipeline->Illuminate\\Pipeline\\{closure}(Object(Illuminate\\Http\\Request))
#32 /Users/fnocedapy/Documents/proyectos/web/laravel_sanctum_api/vendor/laravel/framework/src/Illuminate/Pipeline/Pipeline.php(180): Illuminate\\Http\\Middleware\\HandleCors->handle(Object(Illuminate\\Http\\Request), Object(Closure))
#33 /Users/fnocedapy/Documents/proyectos/web/laravel_sanctum_api/vendor/laravel/framework/src/Illuminate/Http/Middleware/TrustProxies.php(39): Illuminate\\Pipeline\\Pipeline->Illuminate\\Pipeline\\{closure}(Object(Illuminate\\Http\\Request))
#34 /Users/fnocedapy/Documents/proyectos/web/laravel_sanctum_api/vendor/laravel/framework/src/Illuminate/Pipeline/Pipeline.php(180): Illuminate\\Http\\Middleware\\TrustProxies->handle(Object(Illuminate\\Http\\Request), Object(Closure))
#35 /Users/fnocedapy/Documents/proyectos/web/laravel_sanctum_api/vendor/laravel/framework/src/Illuminate/Pipeline/Pipeline.php(116): Illuminate\\Pipeline\\Pipeline->Illuminate\\Pipeline\\{closure}(Object(Illuminate\\Http\\Request))
#36 /Users/fnocedapy/Documents/proyectos/web/laravel_sanctum_api/vendor/laravel/framework/src/Illuminate/Foundation/Http/Kernel.php(175): Illuminate\\Pipeline\\Pipeline->then(Object(Closure))
#37 /Users/fnocedapy/Documents/proyectos/web/laravel_sanctum_api/vendor/laravel/framework/src/Illuminate/Foundation/Http/Kernel.php(144): Illuminate\\Foundation\\Http\\Kernel->sendRequestThroughRouter(Object(Illuminate\\Http\\Request))
#38 /Users/fnocedapy/Documents/proyectos/web/laravel_sanctum_api/public/index.php(52): Illuminate\\Foundation\\Http\\Kernel->handle(Object(Illuminate\\Http\\Request))
#39 /Users/fnocedapy/Documents/proyectos/web/laravel_sanctum_api/vendor/laravel/framework/src/Illuminate/Foundation/resources/server.php(16): require_once('/Users/fnocedap...')
#40 {main}
"} 
[2023-06-14 15:04:07] local.ERROR: SQLSTATE[23502]: Not null violation: 7 ERROR:  null value in column "first_name" of relation "users" violates not-null constraint
DETAIL:  Failing row contains (9, null, null, fnoceda@example.com, null, $2y$10$42wLzIOYvNaVqD2iCCLMg.oa6.49PfnVFPdqGsHllO4efVe2UxMXu, customer, t, null, null, null, 2023-06-14 15:04:07, 2023-06-14 15:04:07, null, null, null, null). (Connection: pgsql, SQL: insert into "users" ("email", "password", "updated_at", "created_at") values (fnoceda@example.com, $2y$10$42wLzIOYvNaVqD2iCCLMg.oa6.49PfnVFPdqGsHllO4efVe2UxMXu, 2023-06-14 15:04:07, 2023-06-14 15:04:07) returning "id") {"exception":"[object] (Illuminate\\Database\\QueryException(code: 23502): SQLSTATE[23502]: Not null violation: 7 ERROR:  null value in column \"first_name\" of relation \"users\" violates not-null constraint
DETAIL:  Failing row contains (9, null, null, fnoceda@example.com, null, $2y$10$42wLzIOYvNaVqD2iCCLMg.oa6.49PfnVFPdqGsHllO4efVe2UxMXu, customer, t, null, null, null, 2023-06-14 15:04:07, 2023-06-14 15:04:07, null, null, null, null). (Connection: pgsql, SQL: insert into \"users\" (\"email\", \"password\", \"updated_at\", \"created_at\") values (fnoceda@example.com, $2y$10$42wLzIOYvNaVqD2iCCLMg.oa6.49PfnVFPdqGsHllO4efVe2UxMXu, 2023-06-14 15:04:07, 2023-06-14 15:04:07) returning \"id\") at /Users/fnocedapy/Documents/proyectos/web/laravel_sanctum_api/vendor/laravel/framework/src/Illuminate/Database/Connection.php:795)
[stacktrace]
#0 /Users/fnocedapy/Documents/proyectos/web/laravel_sanctum_api/vendor/laravel/framework/src/Illuminate/Database/Connection.php(755): Illuminate\\Database\\Connection->runQueryCallback('insert into \"us...', Array, Object(Closure))
#1 /Users/fnocedapy/Documents/proyectos/web/laravel_sanctum_api/vendor/laravel/framework/src/Illuminate/Database/Connection.php(424): Illuminate\\Database\\Connection->run('insert into \"us...', Array, Object(Closure))
#2 /Users/fnocedapy/Documents/proyectos/web/laravel_sanctum_api/vendor/laravel/framework/src/Illuminate/Database/Connection.php(394): Illuminate\\Database\\Connection->select('insert into \"us...', Array, false)
#3 /Users/fnocedapy/Documents/proyectos/web/laravel_sanctum_api/vendor/laravel/framework/src/Illuminate/Database/Query/Processors/PostgresProcessor.php(24): Illuminate\\Database\\Connection->selectFromWriteConnection('insert into \"us...', Array)
#4 /Users/fnocedapy/Documents/proyectos/web/laravel_sanctum_api/vendor/laravel/framework/src/Illuminate/Database/Query/Builder.php(3371): Illuminate\\Database\\Query\\Processors\\PostgresProcessor->processInsertGetId(Object(Illuminate\\Database\\Query\\Builder), 'insert into \"us...', Array, 'id')
#5 /Users/fnocedapy/Documents/proyectos/web/laravel_sanctum_api/vendor/laravel/framework/src/Illuminate/Database/Eloquent/Builder.php(1922): Illuminate\\Database\\Query\\Builder->insertGetId(Array, 'id')
#6 /Users/fnocedapy/Documents/proyectos/web/laravel_sanctum_api/vendor/laravel/framework/src/Illuminate/Database/Eloquent/Model.php(1335): Illuminate\\Database\\Eloquent\\Builder->__call('insertGetId', Array)
#7 /Users/fnocedapy/Documents/proyectos/web/laravel_sanctum_api/vendor/laravel/framework/src/Illuminate/Database/Eloquent/Model.php(1300): Illuminate\\Database\\Eloquent\\Model->insertAndSetId(Object(Illuminate\\Database\\Eloquent\\Builder), Array)
#8 /Users/fnocedapy/Documents/proyectos/web/laravel_sanctum_api/vendor/laravel/framework/src/Illuminate/Database/Eloquent/Model.php(1139): Illuminate\\Database\\Eloquent\\Model->performInsert(Object(Illuminate\\Database\\Eloquent\\Builder))
#9 /Users/fnocedapy/Documents/proyectos/web/laravel_sanctum_api/vendor/laravel/framework/src/Illuminate/Database/Eloquent/Builder.php(1003): Illuminate\\Database\\Eloquent\\Model->save()
#10 /Users/fnocedapy/Documents/proyectos/web/laravel_sanctum_api/vendor/laravel/framework/src/Illuminate/Support/helpers.php(307): Illuminate\\Database\\Eloquent\\Builder->Illuminate\\Database\\Eloquent\\{closure}(Object(App\\Models\\User))
#11 /Users/fnocedapy/Documents/proyectos/web/laravel_sanctum_api/vendor/laravel/framework/src/Illuminate/Database/Eloquent/Builder.php(1004): tap(Object(App\\Models\\User), Object(Closure))
#12 /Users/fnocedapy/Documents/proyectos/web/laravel_sanctum_api/vendor/laravel/framework/src/Illuminate/Support/Traits/ForwardsCalls.php(23): Illuminate\\Database\\Eloquent\\Builder->create(Array)
#13 /Users/fnocedapy/Documents/proyectos/web/laravel_sanctum_api/vendor/laravel/framework/src/Illuminate/Database/Eloquent/Model.php(2335): Illuminate\\Database\\Eloquent\\Model->forwardCallTo(Object(Illuminate\\Database\\Eloquent\\Builder), 'create', Array)
#14 /Users/fnocedapy/Documents/proyectos/web/laravel_sanctum_api/vendor/laravel/framework/src/Illuminate/Database/Eloquent/Model.php(2347): Illuminate\\Database\\Eloquent\\Model->__call('create', Array)
#15 /Users/fnocedapy/Documents/proyectos/web/laravel_sanctum_api/app/Http/Controllers/AuthController.php(21): Illuminate\\Database\\Eloquent\\Model::__callStatic('create', Array)
#16 /Users/fnocedapy/Documents/proyectos/web/laravel_sanctum_api/vendor/laravel/framework/src/Illuminate/Routing/Controller.php(54): App\\Http\\Controllers\\AuthController->register(Object(Illuminate\\Http\\Request))
#17 /Users/fnocedapy/Documents/proyectos/web/laravel_sanctum_api/vendor/laravel/framework/src/Illuminate/Routing/ControllerDispatcher.php(43): Illuminate\\Routing\\Controller->callAction('register', Array)
#18 /Users/fnocedapy/Documents/proyectos/web/laravel_sanctum_api/vendor/laravel/framework/src/Illuminate/Routing/Route.php(260): Illuminate\\Routing\\ControllerDispatcher->dispatch(Object(Illuminate\\Routing\\Route), Object(App\\Http\\Controllers\\AuthController), 'register')
#19 /Users/fnocedapy/Documents/proyectos/web/laravel_sanctum_api/vendor/laravel/framework/src/Illuminate/Routing/Route.php(205): Illuminate\\Routing\\Route->runController()
#20 /Users/fnocedapy/Documents/proyectos/web/laravel_sanctum_api/vendor/laravel/framework/src/Illuminate/Routing/Router.php(799): Illuminate\\Routing\\Route->run()
#21 /Users/fnocedapy/Documents/proyectos/web/laravel_sanctum_api/vendor/laravel/framework/src/Illuminate/Pipeline/Pipeline.php(141): Illuminate\\Routing\\Router->Illuminate\\Routing\\{closure}(Object(Illuminate\\Http\\Request))
#22 /Users/fnocedapy/Documents/proyectos/web/laravel_sanctum_api/vendor/laravel/framework/src/Illuminate/Routing/Middleware/SubstituteBindings.php(50): Illuminate\\Pipeline\\Pipeline->Illuminate\\Pipeline\\{closure}(Object(Illuminate\\Http\\Request))
#23 /Users/fnocedapy/Documents/proyectos/web/laravel_sanctum_api/vendor/laravel/framework/src/Illuminate/Pipeline/Pipeline.php(180): Illuminate\\Routing\\Middleware\\SubstituteBindings->handle(Object(Illuminate\\Http\\Request), Object(Closure))
#24 /Users/fnocedapy/Documents/proyectos/web/laravel_sanctum_api/vendor/laravel/framework/src/Illuminate/Routing/Middleware/ThrottleRequests.php(159): Illuminate\\Pipeline\\Pipeline->Illuminate\\Pipeline\\{closure}(Object(Illuminate\\Http\\Request))
#25 /Users/fnocedapy/Documents/proyectos/web/laravel_sanctum_api/vendor/laravel/framework/src/Illuminate/Routing/Middleware/ThrottleRequests.php(135): Illuminate\\Routing\\Middleware\\ThrottleRequests->handleRequest(Object(Illuminate\\Http\\Request), Object(Closure), Array)
#26 /Users/fnocedapy/Documents/proyectos/web/laravel_sanctum_api/vendor/laravel/framework/src/Illuminate/Routing/Middleware/ThrottleRequests.php(87): Illuminate\\Routing\\Middleware\\ThrottleRequests->handleRequestUsingNamedLimiter(Object(Illuminate\\Http\\Request), Object(Closure), 'api', Object(Closure))
#27 /Users/fnocedapy/Documents/proyectos/web/laravel_sanctum_api/vendor/laravel/framework/src/Illuminate/Pipeline/Pipeline.php(180): Illuminate\\Routing\\Middleware\\ThrottleRequests->handle(Object(Illuminate\\Http\\Request), Object(Closure), 'api')
#28 /Users/fnocedapy/Documents/proyectos/web/laravel_sanctum_api/vendor/laravel/framework/src/Illuminate/Pipeline/Pipeline.php(116): Illuminate\\Pipeline\\Pipeline->Illuminate\\Pipeline\\{closure}(Object(Illuminate\\Http\\Request))
#29 /Users/fnocedapy/Documents/proyectos/web/laravel_sanctum_api/vendor/laravel/framework/src/Illuminate/Routing/Router.php(800): Illuminate\\Pipeline\\Pipeline->then(Object(Closure))
#30 /Users/fnocedapy/Documents/proyectos/web/laravel_sanctum_api/vendor/laravel/framework/src/Illuminate/Routing/Router.php(777): Illuminate\\Routing\\Router->runRouteWithinStack(Object(Illuminate\\Routing\\Route), Object(Illuminate\\Http\\Request))
#31 /Users/fnocedapy/Documents/proyectos/web/laravel_sanctum_api/vendor/laravel/framework/src/Illuminate/Routing/Router.php(741): Illuminate\\Routing\\Router->runRoute(Object(Illuminate\\Http\\Request), Object(Illuminate\\Routing\\Route))
#32 /Users/fnocedapy/Documents/proyectos/web/laravel_sanctum_api/vendor/laravel/framework/src/Illuminate/Routing/Router.php(730): Illuminate\\Routing\\Router->dispatchToRoute(Object(Illuminate\\Http\\Request))
#33 /Users/fnocedapy/Documents/proyectos/web/laravel_sanctum_api/vendor/laravel/framework/src/Illuminate/Foundation/Http/Kernel.php(200): Illuminate\\Routing\\Router->dispatch(Object(Illuminate\\Http\\Request))
#34 /Users/fnocedapy/Documents/proyectos/web/laravel_sanctum_api/vendor/laravel/framework/src/Illuminate/Pipeline/Pipeline.php(141): Illuminate\\Foundation\\Http\\Kernel->Illuminate\\Foundation\\Http\\{closure}(Object(Illuminate\\Http\\Request))
#35 /Users/fnocedapy/Documents/proyectos/web/laravel_sanctum_api/vendor/laravel/framework/src/Illuminate/Foundation/Http/Middleware/TransformsRequest.php(21): Illuminate\\Pipeline\\Pipeline->Illuminate\\Pipeline\\{closure}(Object(Illuminate\\Http\\Request))
#36 /Users/fnocedapy/Documents/proyectos/web/laravel_sanctum_api/vendor/laravel/framework/src/Illuminate/Foundation/Http/Middleware/ConvertEmptyStringsToNull.php(31): Illuminate\\Foundation\\Http\\Middleware\\TransformsRequest->handle(Object(Illuminate\\Http\\Request), Object(Closure))
#37 /Users/fnocedapy/Documents/proyectos/web/laravel_sanctum_api/vendor/laravel/framework/src/Illuminate/Pipeline/Pipeline.php(180): Illuminate\\Foundation\\Http\\Middleware\\ConvertEmptyStringsToNull->handle(Object(Illuminate\\Http\\Request), Object(Closure))
#38 /Users/fnocedapy/Documents/proyectos/web/laravel_sanctum_api/vendor/laravel/framework/src/Illuminate/Foundation/Http/Middleware/TransformsRequest.php(21): Illuminate\\Pipeline\\Pipeline->Illuminate\\Pipeline\\{closure}(Object(Illuminate\\Http\\Request))
#39 /Users/fnocedapy/Documents/proyectos/web/laravel_sanctum_api/vendor/laravel/framework/src/Illuminate/Foundation/Http/Middleware/TrimStrings.php(40): Illuminate\\Foundation\\Http\\Middleware\\TransformsRequest->handle(Object(Illuminate\\Http\\Request), Object(Closure))
#40 /Users/fnocedapy/Documents/proyectos/web/laravel_sanctum_api/vendor/laravel/framework/src/Illuminate/Pipeline/Pipeline.php(180): Illuminate\\Foundation\\Http\\Middleware\\TrimStrings->handle(Object(Illuminate\\Http\\Request), Object(Closure))
#41 /Users/fnocedapy/Documents/proyectos/web/laravel_sanctum_api/vendor/laravel/framework/src/Illuminate/Foundation/Http/Middleware/ValidatePostSize.php(27): Illuminate\\Pipeline\\Pipeline->Illuminate\\Pipeline\\{closure}(Object(Illuminate\\Http\\Request))
#42 /Users/fnocedapy/Documents/proyectos/web/laravel_sanctum_api/vendor/laravel/framework/src/Illuminate/Pipeline/Pipeline.php(180): Illuminate\\Foundation\\Http\\Middleware\\ValidatePostSize->handle(Object(Illuminate\\Http\\Request), Object(Closure))
#43 /Users/fnocedapy/Documents/proyectos/web/laravel_sanctum_api/vendor/laravel/framework/src/Illuminate/Foundation/Http/Middleware/PreventRequestsDuringMaintenance.php(86): Illuminate\\Pipeline\\Pipeline->Illuminate\\Pipeline\\{closure}(Object(Illuminate\\Http\\Request))
#44 /Users/fnocedapy/Documents/proyectos/web/laravel_sanctum_api/vendor/laravel/framework/src/Illuminate/Pipeline/Pipeline.php(180): Illuminate\\Foundation\\Http\\Middleware\\PreventRequestsDuringMaintenance->handle(Object(Illuminate\\Http\\Request), Object(Closure))
#45 /Users/fnocedapy/Documents/proyectos/web/laravel_sanctum_api/vendor/laravel/framework/src/Illuminate/Http/Middleware/HandleCors.php(62): Illuminate\\Pipeline\\Pipeline->Illuminate\\Pipeline\\{closure}(Object(Illuminate\\Http\\Request))
#46 /Users/fnocedapy/Documents/proyectos/web/laravel_sanctum_api/vendor/laravel/framework/src/Illuminate/Pipeline/Pipeline.php(180): Illuminate\\Http\\Middleware\\HandleCors->handle(Object(Illuminate\\Http\\Request), Object(Closure))
#47 /Users/fnocedapy/Documents/proyectos/web/laravel_sanctum_api/vendor/laravel/framework/src/Illuminate/Http/Middleware/TrustProxies.php(39): Illuminate\\Pipeline\\Pipeline->Illuminate\\Pipeline\\{closure}(Object(Illuminate\\Http\\Request))
#48 /Users/fnocedapy/Documents/proyectos/web/laravel_sanctum_api/vendor/laravel/framework/src/Illuminate/Pipeline/Pipeline.php(180): Illuminate\\Http\\Middleware\\TrustProxies->handle(Object(Illuminate\\Http\\Request), Object(Closure))
#49 /Users/fnocedapy/Documents/proyectos/web/laravel_sanctum_api/vendor/laravel/framework/src/Illuminate/Pipeline/Pipeline.php(116): Illuminate\\Pipeline\\Pipeline->Illuminate\\Pipeline\\{closure}(Object(Illuminate\\Http\\Request))
#50 /Users/fnocedapy/Documents/proyectos/web/laravel_sanctum_api/vendor/laravel/framework/src/Illuminate/Foundation/Http/Kernel.php(175): Illuminate\\Pipeline\\Pipeline->then(Object(Closure))
#51 /Users/fnocedapy/Documents/proyectos/web/laravel_sanctum_api/vendor/laravel/framework/src/Illuminate/Foundation/Http/Kernel.php(144): Illuminate\\Foundation\\Http\\Kernel->sendRequestThroughRouter(Object(Illuminate\\Http\\Request))
#52 /Users/fnocedapy/Documents/proyectos/web/laravel_sanctum_api/public/index.php(52): Illuminate\\Foundation\\Http\\Kernel->handle(Object(Illuminate\\Http\\Request))
#53 /Users/fnocedapy/Documents/proyectos/web/laravel_sanctum_api/vendor/laravel/framework/src/Illuminate/Foundation/resources/server.php(16): require_once('/Users/fnocedap...')
#54 {main}

[previous exception] [object] (PDOException(code: 23502): SQLSTATE[23502]: Not null violation: 7 ERROR:  null value in column \"first_name\" of relation \"users\" violates not-null constraint
DETAIL:  Failing row contains (9, null, null, fnoceda@example.com, null, $2y$10$42wLzIOYvNaVqD2iCCLMg.oa6.49PfnVFPdqGsHllO4efVe2UxMXu, customer, t, null, null, null, 2023-06-14 15:04:07, 2023-06-14 15:04:07, null, null, null, null). at /Users/fnocedapy/Documents/proyectos/web/laravel_sanctum_api/vendor/laravel/framework/src/Illuminate/Database/Connection.php:421)
[stacktrace]
#0 /Users/fnocedapy/Documents/proyectos/web/laravel_sanctum_api/vendor/laravel/framework/src/Illuminate/Database/Connection.php(421): PDOStatement->execute()
#1 /Users/fnocedapy/Documents/proyectos/web/laravel_sanctum_api/vendor/laravel/framework/src/Illuminate/Database/Connection.php(788): Illuminate\\Database\\Connection->Illuminate\\Database\\{closure}('insert into \"us...', Array)
#2 /Users/fnocedapy/Documents/proyectos/web/laravel_sanctum_api/vendor/laravel/framework/src/Illuminate/Database/Connection.php(755): Illuminate\\Database\\Connection->runQueryCallback('insert into \"us...', Array, Object(Closure))
#3 /Users/fnocedapy/Documents/proyectos/web/laravel_sanctum_api/vendor/laravel/framework/src/Illuminate/Database/Connection.php(424): Illuminate\\Database\\Connection->run('insert into \"us...', Array, Object(Closure))
#4 /Users/fnocedapy/Documents/proyectos/web/laravel_sanctum_api/vendor/laravel/framework/src/Illuminate/Database/Connection.php(394): Illuminate\\Database\\Connection->select('insert into \"us...', Array, false)
#5 /Users/fnocedapy/Documents/proyectos/web/laravel_sanctum_api/vendor/laravel/framework/src/Illuminate/Database/Query/Processors/PostgresProcessor.php(24): Illuminate\\Database\\Connection->selectFromWriteConnection('insert into \"us...', Array)
#6 /Users/fnocedapy/Documents/proyectos/web/laravel_sanctum_api/vendor/laravel/framework/src/Illuminate/Database/Query/Builder.php(3371): Illuminate\\Database\\Query\\Processors\\PostgresProcessor->processInsertGetId(Object(Illuminate\\Database\\Query\\Builder), 'insert into \"us...', Array, 'id')
#7 /Users/fnocedapy/Documents/proyectos/web/laravel_sanctum_api/vendor/laravel/framework/src/Illuminate/Database/Eloquent/Builder.php(1922): Illuminate\\Database\\Query\\Builder->insertGetId(Array, 'id')
#8 /Users/fnocedapy/Documents/proyectos/web/laravel_sanctum_api/vendor/laravel/framework/src/Illuminate/Database/Eloquent/Model.php(1335): Illuminate\\Database\\Eloquent\\Builder->__call('insertGetId', Array)
#9 /Users/fnocedapy/Documents/proyectos/web/laravel_sanctum_api/vendor/laravel/framework/src/Illuminate/Database/Eloquent/Model.php(1300): Illuminate\\Database\\Eloquent\\Model->insertAndSetId(Object(Illuminate\\Database\\Eloquent\\Builder), Array)
#10 /Users/fnocedapy/Documents/proyectos/web/laravel_sanctum_api/vendor/laravel/framework/src/Illuminate/Database/Eloquent/Model.php(1139): Illuminate\\Database\\Eloquent\\Model->performInsert(Object(Illuminate\\Database\\Eloquent\\Builder))
#11 /Users/fnocedapy/Documents/proyectos/web/laravel_sanctum_api/vendor/laravel/framework/src/Illuminate/Database/Eloquent/Builder.php(1003): Illuminate\\Database\\Eloquent\\Model->save()
#12 /Users/fnocedapy/Documents/proyectos/web/laravel_sanctum_api/vendor/laravel/framework/src/Illuminate/Support/helpers.php(307): Illuminate\\Database\\Eloquent\\Builder->Illuminate\\Database\\Eloquent\\{closure}(Object(App\\Models\\User))
#13 /Users/fnocedapy/Documents/proyectos/web/laravel_sanctum_api/vendor/laravel/framework/src/Illuminate/Database/Eloquent/Builder.php(1004): tap(Object(App\\Models\\User), Object(Closure))
#14 /Users/fnocedapy/Documents/proyectos/web/laravel_sanctum_api/vendor/laravel/framework/src/Illuminate/Support/Traits/ForwardsCalls.php(23): Illuminate\\Database\\Eloquent\\Builder->create(Array)
#15 /Users/fnocedapy/Documents/proyectos/web/laravel_sanctum_api/vendor/laravel/framework/src/Illuminate/Database/Eloquent/Model.php(2335): Illuminate\\Database\\Eloquent\\Model->forwardCallTo(Object(Illuminate\\Database\\Eloquent\\Builder), 'create', Array)
#16 /Users/fnocedapy/Documents/proyectos/web/laravel_sanctum_api/vendor/laravel/framework/src/Illuminate/Database/Eloquent/Model.php(2347): Illuminate\\Database\\Eloquent\\Model->__call('create', Array)
#17 /Users/fnocedapy/Documents/proyectos/web/laravel_sanctum_api/app/Http/Controllers/AuthController.php(21): Illuminate\\Database\\Eloquent\\Model::__callStatic('create', Array)
#18 /Users/fnocedapy/Documents/proyectos/web/laravel_sanctum_api/vendor/laravel/framework/src/Illuminate/Routing/Controller.php(54): App\\Http\\Controllers\\AuthController->register(Object(Illuminate\\Http\\Request))
#19 /Users/fnocedapy/Documents/proyectos/web/laravel_sanctum_api/vendor/laravel/framework/src/Illuminate/Routing/ControllerDispatcher.php(43): Illuminate\\Routing\\Controller->callAction('register', Array)
#20 /Users/fnocedapy/Documents/proyectos/web/laravel_sanctum_api/vendor/laravel/framework/src/Illuminate/Routing/Route.php(260): Illuminate\\Routing\\ControllerDispatcher->dispatch(Object(Illuminate\\Routing\\Route), Object(App\\Http\\Controllers\\AuthController), 'register')
#21 /Users/fnocedapy/Documents/proyectos/web/laravel_sanctum_api/vendor/laravel/framework/src/Illuminate/Routing/Route.php(205): Illuminate\\Routing\\Route->runController()
#22 /Users/fnocedapy/Documents/proyectos/web/laravel_sanctum_api/vendor/laravel/framework/src/Illuminate/Routing/Router.php(799): Illuminate\\Routing\\Route->run()
#23 /Users/fnocedapy/Documents/proyectos/web/laravel_sanctum_api/vendor/laravel/framework/src/Illuminate/Pipeline/Pipeline.php(141): Illuminate\\Routing\\Router->Illuminate\\Routing\\{closure}(Object(Illuminate\\Http\\Request))
#24 /Users/fnocedapy/Documents/proyectos/web/laravel_sanctum_api/vendor/laravel/framework/src/Illuminate/Routing/Middleware/SubstituteBindings.php(50): Illuminate\\Pipeline\\Pipeline->Illuminate\\Pipeline\\{closure}(Object(Illuminate\\Http\\Request))
#25 /Users/fnocedapy/Documents/proyectos/web/laravel_sanctum_api/vendor/laravel/framework/src/Illuminate/Pipeline/Pipeline.php(180): Illuminate\\Routing\\Middleware\\SubstituteBindings->handle(Object(Illuminate\\Http\\Request), Object(Closure))
#26 /Users/fnocedapy/Documents/proyectos/web/laravel_sanctum_api/vendor/laravel/framework/src/Illuminate/Routing/Middleware/ThrottleRequests.php(159): Illuminate\\Pipeline\\Pipeline->Illuminate\\Pipeline\\{closure}(Object(Illuminate\\Http\\Request))
#27 /Users/fnocedapy/Documents/proyectos/web/laravel_sanctum_api/vendor/laravel/framework/src/Illuminate/Routing/Middleware/ThrottleRequests.php(135): Illuminate\\Routing\\Middleware\\ThrottleRequests->handleRequest(Object(Illuminate\\Http\\Request), Object(Closure), Array)
#28 /Users/fnocedapy/Documents/proyectos/web/laravel_sanctum_api/vendor/laravel/framework/src/Illuminate/Routing/Middleware/ThrottleRequests.php(87): Illuminate\\Routing\\Middleware\\ThrottleRequests->handleRequestUsingNamedLimiter(Object(Illuminate\\Http\\Request), Object(Closure), 'api', Object(Closure))
#29 /Users/fnocedapy/Documents/proyectos/web/laravel_sanctum_api/vendor/laravel/framework/src/Illuminate/Pipeline/Pipeline.php(180): Illuminate\\Routing\\Middleware\\ThrottleRequests->handle(Object(Illuminate\\Http\\Request), Object(Closure), 'api')
#30 /Users/fnocedapy/Documents/proyectos/web/laravel_sanctum_api/vendor/laravel/framework/src/Illuminate/Pipeline/Pipeline.php(116): Illuminate\\Pipeline\\Pipeline->Illuminate\\Pipeline\\{closure}(Object(Illuminate\\Http\\Request))
#31 /Users/fnocedapy/Documents/proyectos/web/laravel_sanctum_api/vendor/laravel/framework/src/Illuminate/Routing/Router.php(800): Illuminate\\Pipeline\\Pipeline->then(Object(Closure))
#32 /Users/fnocedapy/Documents/proyectos/web/laravel_sanctum_api/vendor/laravel/framework/src/Illuminate/Routing/Router.php(777): Illuminate\\Routing\\Router->runRouteWithinStack(Object(Illuminate\\Routing\\Route), Object(Illuminate\\Http\\Request))
#33 /Users/fnocedapy/Documents/proyectos/web/laravel_sanctum_api/vendor/laravel/framework/src/Illuminate/Routing/Router.php(741): Illuminate\\Routing\\Router->runRoute(Object(Illuminate\\Http\\Request), Object(Illuminate\\Routing\\Route))
#34 /Users/fnocedapy/Documents/proyectos/web/laravel_sanctum_api/vendor/laravel/framework/src/Illuminate/Routing/Router.php(730): Illuminate\\Routing\\Router->dispatchToRoute(Object(Illuminate\\Http\\Request))
#35 /Users/fnocedapy/Documents/proyectos/web/laravel_sanctum_api/vendor/laravel/framework/src/Illuminate/Foundation/Http/Kernel.php(200): Illuminate\\Routing\\Router->dispatch(Object(Illuminate\\Http\\Request))
#36 /Users/fnocedapy/Documents/proyectos/web/laravel_sanctum_api/vendor/laravel/framework/src/Illuminate/Pipeline/Pipeline.php(141): Illuminate\\Foundation\\Http\\Kernel->Illuminate\\Foundation\\Http\\{closure}(Object(Illuminate\\Http\\Request))
#37 /Users/fnocedapy/Documents/proyectos/web/laravel_sanctum_api/vendor/laravel/framework/src/Illuminate/Foundation/Http/Middleware/TransformsRequest.php(21): Illuminate\\Pipeline\\Pipeline->Illuminate\\Pipeline\\{closure}(Object(Illuminate\\Http\\Request))
#38 /Users/fnocedapy/Documents/proyectos/web/laravel_sanctum_api/vendor/laravel/framework/src/Illuminate/Foundation/Http/Middleware/ConvertEmptyStringsToNull.php(31): Illuminate\\Foundation\\Http\\Middleware\\TransformsRequest->handle(Object(Illuminate\\Http\\Request), Object(Closure))
#39 /Users/fnocedapy/Documents/proyectos/web/laravel_sanctum_api/vendor/laravel/framework/src/Illuminate/Pipeline/Pipeline.php(180): Illuminate\\Foundation\\Http\\Middleware\\ConvertEmptyStringsToNull->handle(Object(Illuminate\\Http\\Request), Object(Closure))
#40 /Users/fnocedapy/Documents/proyectos/web/laravel_sanctum_api/vendor/laravel/framework/src/Illuminate/Foundation/Http/Middleware/TransformsRequest.php(21): Illuminate\\Pipeline\\Pipeline->Illuminate\\Pipeline\\{closure}(Object(Illuminate\\Http\\Request))
#41 /Users/fnocedapy/Documents/proyectos/web/laravel_sanctum_api/vendor/laravel/framework/src/Illuminate/Foundation/Http/Middleware/TrimStrings.php(40): Illuminate\\Foundation\\Http\\Middleware\\TransformsRequest->handle(Object(Illuminate\\Http\\Request), Object(Closure))
#42 /Users/fnocedapy/Documents/proyectos/web/laravel_sanctum_api/vendor/laravel/framework/src/Illuminate/Pipeline/Pipeline.php(180): Illuminate\\Foundation\\Http\\Middleware\\TrimStrings->handle(Object(Illuminate\\Http\\Request), Object(Closure))
#43 /Users/fnocedapy/Documents/proyectos/web/laravel_sanctum_api/vendor/laravel/framework/src/Illuminate/Foundation/Http/Middleware/ValidatePostSize.php(27): Illuminate\\Pipeline\\Pipeline->Illuminate\\Pipeline\\{closure}(Object(Illuminate\\Http\\Request))
#44 /Users/fnocedapy/Documents/proyectos/web/laravel_sanctum_api/vendor/laravel/framework/src/Illuminate/Pipeline/Pipeline.php(180): Illuminate\\Foundation\\Http\\Middleware\\ValidatePostSize->handle(Object(Illuminate\\Http\\Request), Object(Closure))
#45 /Users/fnocedapy/Documents/proyectos/web/laravel_sanctum_api/vendor/laravel/framework/src/Illuminate/Foundation/Http/Middleware/PreventRequestsDuringMaintenance.php(86): Illuminate\\Pipeline\\Pipeline->Illuminate\\Pipeline\\{closure}(Object(Illuminate\\Http\\Request))
#46 /Users/fnocedapy/Documents/proyectos/web/laravel_sanctum_api/vendor/laravel/framework/src/Illuminate/Pipeline/Pipeline.php(180): Illuminate\\Foundation\\Http\\Middleware\\PreventRequestsDuringMaintenance->handle(Object(Illuminate\\Http\\Request), Object(Closure))
#47 /Users/fnocedapy/Documents/proyectos/web/laravel_sanctum_api/vendor/laravel/framework/src/Illuminate/Http/Middleware/HandleCors.php(62): Illuminate\\Pipeline\\Pipeline->Illuminate\\Pipeline\\{closure}(Object(Illuminate\\Http\\Request))
#48 /Users/fnocedapy/Documents/proyectos/web/laravel_sanctum_api/vendor/laravel/framework/src/Illuminate/Pipeline/Pipeline.php(180): Illuminate\\Http\\Middleware\\HandleCors->handle(Object(Illuminate\\Http\\Request), Object(Closure))
#49 /Users/fnocedapy/Documents/proyectos/web/laravel_sanctum_api/vendor/laravel/framework/src/Illuminate/Http/Middleware/TrustProxies.php(39): Illuminate\\Pipeline\\Pipeline->Illuminate\\Pipeline\\{closure}(Object(Illuminate\\Http\\Request))
#50 /Users/fnocedapy/Documents/proyectos/web/laravel_sanctum_api/vendor/laravel/framework/src/Illuminate/Pipeline/Pipeline.php(180): Illuminate\\Http\\Middleware\\TrustProxies->handle(Object(Illuminate\\Http\\Request), Object(Closure))
#51 /Users/fnocedapy/Documents/proyectos/web/laravel_sanctum_api/vendor/laravel/framework/src/Illuminate/Pipeline/Pipeline.php(116): Illuminate\\Pipeline\\Pipeline->Illuminate\\Pipeline\\{closure}(Object(Illuminate\\Http\\Request))
#52 /Users/fnocedapy/Documents/proyectos/web/laravel_sanctum_api/vendor/laravel/framework/src/Illuminate/Foundation/Http/Kernel.php(175): Illuminate\\Pipeline\\Pipeline->then(Object(Closure))
#53 /Users/fnocedapy/Documents/proyectos/web/laravel_sanctum_api/vendor/laravel/framework/src/Illuminate/Foundation/Http/Kernel.php(144): Illuminate\\Foundation\\Http\\Kernel->sendRequestThroughRouter(Object(Illuminate\\Http\\Request))
#54 /Users/fnocedapy/Documents/proyectos/web/laravel_sanctum_api/public/index.php(52): Illuminate\\Foundation\\Http\\Kernel->handle(Object(Illuminate\\Http\\Request))
#55 /Users/fnocedapy/Documents/proyectos/web/laravel_sanctum_api/vendor/laravel/framework/src/Illuminate/Foundation/resources/server.php(16): require_once('/Users/fnocedap...')
#56 {main}
"} 
[2023-06-14 15:22:48] local.ERROR: Route [login] not defined. {"exception":"[object] (Symfony\\Component\\Routing\\Exception\\RouteNotFoundException(code: 0): Route [login] not defined. at /Users/fnocedapy/Documents/proyectos/web/laravel_sanctum_api/vendor/laravel/framework/src/Illuminate/Routing/UrlGenerator.php:467)
[stacktrace]
#0 /Users/fnocedapy/Documents/proyectos/web/laravel_sanctum_api/vendor/laravel/framework/src/Illuminate/Foundation/helpers.php(808): Illuminate\\Routing\\UrlGenerator->route('login', Array, true)
#1 /Users/fnocedapy/Documents/proyectos/web/laravel_sanctum_api/app/Http/Middleware/Authenticate.php(15): route('login')
#2 /Users/fnocedapy/Documents/proyectos/web/laravel_sanctum_api/vendor/laravel/framework/src/Illuminate/Auth/Middleware/Authenticate.php(96): App\\Http\\Middleware\\Authenticate->redirectTo(Object(Illuminate\\Http\\Request))
#3 /Users/fnocedapy/Documents/proyectos/web/laravel_sanctum_api/vendor/laravel/framework/src/Illuminate/Auth/Middleware/Authenticate.php(81): Illuminate\\Auth\\Middleware\\Authenticate->unauthenticated(Object(Illuminate\\Http\\Request), Array)
#4 /Users/fnocedapy/Documents/proyectos/web/laravel_sanctum_api/vendor/laravel/framework/src/Illuminate/Auth/Middleware/Authenticate.php(55): Illuminate\\Auth\\Middleware\\Authenticate->authenticate(Object(Illuminate\\Http\\Request), Array)
#5 /Users/fnocedapy/Documents/proyectos/web/laravel_sanctum_api/vendor/laravel/framework/src/Illuminate/Pipeline/Pipeline.php(180): Illuminate\\Auth\\Middleware\\Authenticate->handle(Object(Illuminate\\Http\\Request), Object(Closure), 'sanctum')
#6 /Users/fnocedapy/Documents/proyectos/web/laravel_sanctum_api/vendor/laravel/framework/src/Illuminate/Pipeline/Pipeline.php(116): Illuminate\\Pipeline\\Pipeline->Illuminate\\Pipeline\\{closure}(Object(Illuminate\\Http\\Request))
#7 /Users/fnocedapy/Documents/proyectos/web/laravel_sanctum_api/vendor/laravel/framework/src/Illuminate/Routing/Router.php(800): Illuminate\\Pipeline\\Pipeline->then(Object(Closure))
#8 /Users/fnocedapy/Documents/proyectos/web/laravel_sanctum_api/vendor/laravel/framework/src/Illuminate/Routing/Router.php(777): Illuminate\\Routing\\Router->runRouteWithinStack(Object(Illuminate\\Routing\\Route), Object(Illuminate\\Http\\Request))
#9 /Users/fnocedapy/Documents/proyectos/web/laravel_sanctum_api/vendor/laravel/framework/src/Illuminate/Routing/Router.php(741): Illuminate\\Routing\\Router->runRoute(Object(Illuminate\\Http\\Request), Object(Illuminate\\Routing\\Route))
#10 /Users/fnocedapy/Documents/proyectos/web/laravel_sanctum_api/vendor/laravel/framework/src/Illuminate/Routing/Router.php(730): Illuminate\\Routing\\Router->dispatchToRoute(Object(Illuminate\\Http\\Request))
#11 /Users/fnocedapy/Documents/proyectos/web/laravel_sanctum_api/vendor/laravel/framework/src/Illuminate/Foundation/Http/Kernel.php(200): Illuminate\\Routing\\Router->dispatch(Object(Illuminate\\Http\\Request))
#12 /Users/fnocedapy/Documents/proyectos/web/laravel_sanctum_api/vendor/laravel/framework/src/Illuminate/Pipeline/Pipeline.php(141): Illuminate\\Foundation\\Http\\Kernel->Illuminate\\Foundation\\Http\\{closure}(Object(Illuminate\\Http\\Request))
#13 /Users/fnocedapy/Documents/proyectos/web/laravel_sanctum_api/vendor/laravel/framework/src/Illuminate/Foundation/Http/Middleware/TransformsRequest.php(21): Illuminate\\Pipeline\\Pipeline->Illuminate\\Pipeline\\{closure}(Object(Illuminate\\Http\\Request))
#14 /Users/fnocedapy/Documents/proyectos/web/laravel_sanctum_api/vendor/laravel/framework/src/Illuminate/Foundation/Http/Middleware/ConvertEmptyStringsToNull.php(31): Illuminate\\Foundation\\Http\\Middleware\\TransformsRequest->handle(Object(Illuminate\\Http\\Request), Object(Closure))
#15 /Users/fnocedapy/Documents/proyectos/web/laravel_sanctum_api/vendor/laravel/framework/src/Illuminate/Pipeline/Pipeline.php(180): Illuminate\\Foundation\\Http\\Middleware\\ConvertEmptyStringsToNull->handle(Object(Illuminate\\Http\\Request), Object(Closure))
#16 /Users/fnocedapy/Documents/proyectos/web/laravel_sanctum_api/vendor/laravel/framework/src/Illuminate/Foundation/Http/Middleware/TransformsRequest.php(21): Illuminate\\Pipeline\\Pipeline->Illuminate\\Pipeline\\{closure}(Object(Illuminate\\Http\\Request))
#17 /Users/fnocedapy/Documents/proyectos/web/laravel_sanctum_api/vendor/laravel/framework/src/Illuminate/Foundation/Http/Middleware/TrimStrings.php(40): Illuminate\\Foundation\\Http\\Middleware\\TransformsRequest->handle(Object(Illuminate\\Http\\Request), Object(Closure))
#18 /Users/fnocedapy/Documents/proyectos/web/laravel_sanctum_api/vendor/laravel/framework/src/Illuminate/Pipeline/Pipeline.php(180): Illuminate\\Foundation\\Http\\Middleware\\TrimStrings->handle(Object(Illuminate\\Http\\Request), Object(Closure))
#19 /Users/fnocedapy/Documents/proyectos/web/laravel_sanctum_api/vendor/laravel/framework/src/Illuminate/Foundation/Http/Middleware/ValidatePostSize.php(27): Illuminate\\Pipeline\\Pipeline->Illuminate\\Pipeline\\{closure}(Object(Illuminate\\Http\\Request))
#20 /Users/fnocedapy/Documents/proyectos/web/laravel_sanctum_api/vendor/laravel/framework/src/Illuminate/Pipeline/Pipeline.php(180): Illuminate\\Foundation\\Http\\Middleware\\ValidatePostSize->handle(Object(Illuminate\\Http\\Request), Object(Closure))
#21 /Users/fnocedapy/Documents/proyectos/web/laravel_sanctum_api/vendor/laravel/framework/src/Illuminate/Foundation/Http/Middleware/PreventRequestsDuringMaintenance.php(86): Illuminate\\Pipeline\\Pipeline->Illuminate\\Pipeline\\{closure}(Object(Illuminate\\Http\\Request))
#22 /Users/fnocedapy/Documents/proyectos/web/laravel_sanctum_api/vendor/laravel/framework/src/Illuminate/Pipeline/Pipeline.php(180): Illuminate\\Foundation\\Http\\Middleware\\PreventRequestsDuringMaintenance->handle(Object(Illuminate\\Http\\Request), Object(Closure))
#23 /Users/fnocedapy/Documents/proyectos/web/laravel_sanctum_api/vendor/laravel/framework/src/Illuminate/Http/Middleware/HandleCors.php(62): Illuminate\\Pipeline\\Pipeline->Illuminate\\Pipeline\\{closure}(Object(Illuminate\\Http\\Request))
#24 /Users/fnocedapy/Documents/proyectos/web/laravel_sanctum_api/vendor/laravel/framework/src/Illuminate/Pipeline/Pipeline.php(180): Illuminate\\Http\\Middleware\\HandleCors->handle(Object(Illuminate\\Http\\Request), Object(Closure))
#25 /Users/fnocedapy/Documents/proyectos/web/laravel_sanctum_api/vendor/laravel/framework/src/Illuminate/Http/Middleware/TrustProxies.php(39): Illuminate\\Pipeline\\Pipeline->Illuminate\\Pipeline\\{closure}(Object(Illuminate\\Http\\Request))
#26 /Users/fnocedapy/Documents/proyectos/web/laravel_sanctum_api/vendor/laravel/framework/src/Illuminate/Pipeline/Pipeline.php(180): Illuminate\\Http\\Middleware\\TrustProxies->handle(Object(Illuminate\\Http\\Request), Object(Closure))
#27 /Users/fnocedapy/Documents/proyectos/web/laravel_sanctum_api/vendor/laravel/framework/src/Illuminate/Pipeline/Pipeline.php(116): Illuminate\\Pipeline\\Pipeline->Illuminate\\Pipeline\\{closure}(Object(Illuminate\\Http\\Request))
#28 /Users/fnocedapy/Documents/proyectos/web/laravel_sanctum_api/vendor/laravel/framework/src/Illuminate/Foundation/Http/Kernel.php(175): Illuminate\\Pipeline\\Pipeline->then(Object(Closure))
#29 /Users/fnocedapy/Documents/proyectos/web/laravel_sanctum_api/vendor/laravel/framework/src/Illuminate/Foundation/Http/Kernel.php(144): Illuminate\\Foundation\\Http\\Kernel->sendRequestThroughRouter(Object(Illuminate\\Http\\Request))
#30 /Users/fnocedapy/Documents/proyectos/web/laravel_sanctum_api/public/index.php(52): Illuminate\\Foundation\\Http\\Kernel->handle(Object(Illuminate\\Http\\Request))
#31 /Users/fnocedapy/Documents/proyectos/web/laravel_sanctum_api/vendor/laravel/framework/src/Illuminate/Foundation/resources/server.php(16): require_once('/Users/fnocedap...')
#32 {main}
"} 
